This is pdfTeX, Version 3.14159265-2.6-1.40.21 (MiKTeX 20.7) (preloaded format=pdflatex 2020.9.20)  23 SEP 2020 03:32
entering extended mode
**./hand_2.tex
(hand_2.tex
LaTeX2e <2020-02-02> patch level 5
L3 programming layer <2020-09-03>
("C:\Users\Christophe Marciot\AppData\Local\Programs\MiKTeX 2.9\tex/latex/base\
article.cls"
Document Class: article 2019/12/20 v1.4l Standard LaTeX document class

("C:\Users\Christophe Marciot\AppData\Local\Programs\MiKTeX 2.9\tex/latex/base\
size11.clo"
File: size11.clo 2019/12/20 v1.4l Standard LaTeX file (size option)
)
\c@part=\count168
\c@section=\count169
\c@subsection=\count170
\c@subsubsection=\count171
\c@paragraph=\count172
\c@subparagraph=\count173
\c@figure=\count174
\c@table=\count175
\abovecaptionskip=\skip47
\belowcaptionskip=\skip48
\bibindent=\dimen134
)
("C:\Users\Christophe Marciot\AppData\Local\Programs\MiKTeX 2.9\tex/latex/base\
inputenc.sty"
Package: inputenc 2018/08/11 v1.3c Input encoding file
\inpenc@prehook=\toks15
\inpenc@posthook=\toks16
)
("C:\Users\Christophe Marciot\AppData\Local\Programs\MiKTeX 2.9\tex/latex/base\
fontenc.sty"
Package: fontenc 2020/02/11 v2.0o Standard LaTeX package
)
("C:\Users\Christophe Marciot\AppData\Local\Programs\MiKTeX 2.9\tex/generic/bab
el\babel.sty"
Package: babel 2020/09/01 3.48 The Babel package

("C:\Users\Christophe Marciot\AppData\Local\Programs\MiKTeX 2.9\tex/generic/bab
el\babel.def"
File: babel.def 2020/09/01 3.48 Babel common definitions
\babel@savecnt=\count176
\U@D=\dimen135
\l@babelnohyphens=\language83

("C:\Users\Christophe Marciot\AppData\Local\Programs\MiKTeX 2.9\tex/generic/bab
el\txtbabel.def")
\bbl@readstream=\read2
)
\bbl@dirlevel=\count177

*************************************
* Local config file bblopts.cfg used
*

("C:\Users\Christophe Marciot\AppData\Local\Programs\MiKTeX 2.9\tex/latex/arabi
\bblopts.cfg"
File: bblopts.cfg 2005/09/08 v0.1 add Arabic and Farsi to "declared" options of
 babel
)
("C:\Users\Christophe Marciot\AppData\Local\Programs\MiKTeX 2.9\tex/generic/bab
el-french\francais.ldf"
Language: francais 2020/07/02 v3.5j French support from the babel system


Package francais.ldf Warning: Option `francais' for Babel is *deprecated*,
(francais.ldf)                it might be removed sooner or later. Please
(francais.ldf)                use `french' instead; reported on input line 31.


("C:\Users\Christophe Marciot\AppData\Local\Programs\MiKTeX 2.9\tex/generic/bab
el-french\french.ldf"
Language: french 2020/07/02 v3.5j French support from the babel system
Package babel Info: \l@acadian = using hyphenrules for french
(babel)             (\language24) on input line 91.
Package babel Info: \l@canadien = using hyphenrules for french
(babel)             (\language24) on input line 92.
\FB@nonchar=\count178
Package babel Info: Making : an active character on input line 428.
Package babel Info: Making ; an active character on input line 429.
Package babel Info: Making ! an active character on input line 430.
Package babel Info: Making ? an active character on input line 431.
\FBguill@level=\count179
\FBold@everypar=\toks17
\FB@Mht=\dimen136
\mc@charclass=\count180
\mc@charfam=\count181
\mc@charslot=\count182
\std@mcc=\count183
\dec@mcc=\count184
\c@FBcaption@count=\count185
\listindentFB=\dimen137
\descindentFB=\dimen138
\labelindentFB=\dimen139
\labelwidthFB=\dimen140
\leftmarginFB=\dimen141
\parindentFFN=\dimen142
\FBfnindent=\dimen143
)))
("C:\Users\Christophe Marciot\AppData\Local\Programs\MiKTeX 2.9\tex/latex/carli
sle\scalefnt.sty")
("C:\Users\Christophe Marciot\AppData\Local\Programs\MiKTeX 2.9\tex/latex/graph
ics\keyval.sty"
Package: keyval 2014/10/28 v1.15 key=value parser (DPC)
\KV@toks@=\toks18
)
("C:\Users\Christophe Marciot\AppData\Local\Programs\MiKTeX 2.9\tex/latex/lm\lm
odern.sty"
Package: lmodern 2009/10/30 v1.6 Latin Modern Fonts
LaTeX Font Info:    Overwriting symbol font `operators' in version `normal'
(Font)                  OT1/cmr/m/n --> OT1/lmr/m/n on input line 22.
LaTeX Font Info:    Overwriting symbol font `letters' in version `normal'
(Font)                  OML/cmm/m/it --> OML/lmm/m/it on input line 23.
LaTeX Font Info:    Overwriting symbol font `symbols' in version `normal'
(Font)                  OMS/cmsy/m/n --> OMS/lmsy/m/n on input line 24.
LaTeX Font Info:    Overwriting symbol font `largesymbols' in version `normal'
(Font)                  OMX/cmex/m/n --> OMX/lmex/m/n on input line 25.
LaTeX Font Info:    Overwriting symbol font `operators' in version `bold'
(Font)                  OT1/cmr/bx/n --> OT1/lmr/bx/n on input line 26.
LaTeX Font Info:    Overwriting symbol font `letters' in version `bold'
(Font)                  OML/cmm/b/it --> OML/lmm/b/it on input line 27.
LaTeX Font Info:    Overwriting symbol font `symbols' in version `bold'
(Font)                  OMS/cmsy/b/n --> OMS/lmsy/b/n on input line 28.
LaTeX Font Info:    Overwriting symbol font `largesymbols' in version `bold'
(Font)                  OMX/cmex/m/n --> OMX/lmex/m/n on input line 29.
LaTeX Font Info:    Overwriting math alphabet `\mathbf' in version `normal'
(Font)                  OT1/cmr/bx/n --> OT1/lmr/bx/n on input line 31.
LaTeX Font Info:    Overwriting math alphabet `\mathsf' in version `normal'
(Font)                  OT1/cmss/m/n --> OT1/lmss/m/n on input line 32.
LaTeX Font Info:    Overwriting math alphabet `\mathit' in version `normal'
(Font)                  OT1/cmr/m/it --> OT1/lmr/m/it on input line 33.
LaTeX Font Info:    Overwriting math alphabet `\mathtt' in version `normal'
(Font)                  OT1/cmtt/m/n --> OT1/lmtt/m/n on input line 34.
LaTeX Font Info:    Overwriting math alphabet `\mathbf' in version `bold'
(Font)                  OT1/cmr/bx/n --> OT1/lmr/bx/n on input line 35.
LaTeX Font Info:    Overwriting math alphabet `\mathsf' in version `bold'
(Font)                  OT1/cmss/bx/n --> OT1/lmss/bx/n on input line 36.
LaTeX Font Info:    Overwriting math alphabet `\mathit' in version `bold'
(Font)                  OT1/cmr/bx/it --> OT1/lmr/bx/it on input line 37.
LaTeX Font Info:    Overwriting math alphabet `\mathtt' in version `bold'
(Font)                  OT1/cmtt/m/n --> OT1/lmtt/m/n on input line 38.
)
("C:\Users\Christophe Marciot\AppData\Local\Programs\MiKTeX 2.9\tex/latex/geome
try\geometry.sty"
Package: geometry 2020/01/02 v5.9 Page Geometry

("C:\Users\Christophe Marciot\AppData\Local\Programs\MiKTeX 2.9\tex/generic/ift
ex\ifvtex.sty"
Package: ifvtex 2019/10/25 v1.7 ifvtex legacy package. Use iftex instead.

("C:\Users\Christophe Marciot\AppData\Local\Programs\MiKTeX 2.9\tex/generic/ift
ex\iftex.sty"
Package: iftex 2020/03/06 v1.0d TeX engine tests
))
\Gm@cnth=\count186
\Gm@cntv=\count187
\c@Gm@tempcnt=\count188
\Gm@bindingoffset=\dimen144
\Gm@wd@mp=\dimen145
\Gm@odd@mp=\dimen146
\Gm@even@mp=\dimen147
\Gm@layoutwidth=\dimen148
\Gm@layoutheight=\dimen149
\Gm@layouthoffset=\dimen150
\Gm@layoutvoffset=\dimen151
\Gm@dimlist=\toks19

("C:\Users\Christophe Marciot\AppData\Local\Programs\MiKTeX 2.9\tex/latex/geome
try\geometry.cfg"))
("C:\Users\Christophe Marciot\AppData\Local\Programs\MiKTeX 2.9\tex/latex/amsma
th\amsmath.sty"
Package: amsmath 2020/01/20 v2.17e AMS math features
\@mathmargin=\skip49

For additional information on amsmath, use the `?' option.

("C:\Users\Christophe Marciot\AppData\Local\Programs\MiKTeX 2.9\tex/latex/amsma
th\amstext.sty"
Package: amstext 2000/06/29 v2.01 AMS text

("C:\Users\Christophe Marciot\AppData\Local\Programs\MiKTeX 2.9\tex/latex/amsma
th\amsgen.sty"
File: amsgen.sty 1999/11/30 v2.0 generic functions
\@emptytoks=\toks20
\ex@=\dimen152
))
("C:\Users\Christophe Marciot\AppData\Local\Programs\MiKTeX 2.9\tex/latex/amsma
th\amsbsy.sty"
Package: amsbsy 1999/11/29 v1.2d Bold Symbols
\pmbraise@=\dimen153
)
("C:\Users\Christophe Marciot\AppData\Local\Programs\MiKTeX 2.9\tex/latex/amsma
th\amsopn.sty"
Package: amsopn 2016/03/08 v2.02 operator names
)
\inf@bad=\count189
LaTeX Info: Redefining \frac on input line 227.
\uproot@=\count190
\leftroot@=\count191
LaTeX Info: Redefining \overline on input line 389.
\classnum@=\count192
\DOTSCASE@=\count193
LaTeX Info: Redefining \ldots on input line 486.
LaTeX Info: Redefining \dots on input line 489.
LaTeX Info: Redefining \cdots on input line 610.
\Mathstrutbox@=\box45
\strutbox@=\box46
\big@size=\dimen154
LaTeX Font Info:    Redeclaring font encoding OML on input line 733.
LaTeX Font Info:    Redeclaring font encoding OMS on input line 734.
\macc@depth=\count194
\c@MaxMatrixCols=\count195
\dotsspace@=\muskip16
\c@parentequation=\count196
\dspbrk@lvl=\count197
\tag@help=\toks21
\row@=\count198
\column@=\count199
\maxfields@=\count266
\andhelp@=\toks22
\eqnshift@=\dimen155
\alignsep@=\dimen156
\tagshift@=\dimen157
\tagwidth@=\dimen158
\totwidth@=\dimen159
\lineht@=\dimen160
\@envbody=\toks23
\multlinegap=\skip50
\multlinetaggap=\skip51
\mathdisplay@stack=\toks24
LaTeX Info: Redefining \[ on input line 2859.
LaTeX Info: Redefining \] on input line 2860.
)
("C:\Users\Christophe Marciot\AppData\Local\Programs\MiKTeX 2.9\tex/latex/amsfo
nts\amssymb.sty"
Package: amssymb 2013/01/14 v3.01 AMS font symbols

("C:\Users\Christophe Marciot\AppData\Local\Programs\MiKTeX 2.9\tex/latex/amsfo
nts\amsfonts.sty"
Package: amsfonts 2013/01/14 v3.01 Basic AMSFonts support
\symAMSa=\mathgroup4
\symAMSb=\mathgroup5
LaTeX Font Info:    Redeclaring math symbol \hbar on input line 98.
LaTeX Font Info:    Overwriting math alphabet `\mathfrak' in version `bold'
(Font)                  U/euf/m/n --> U/euf/b/n on input line 106.
))
("C:\Users\Christophe Marciot\AppData\Local\Programs\MiKTeX 2.9\tex/latex/amscl
s\amsthm.sty"
Package: amsthm 2020/05/29 v2.20.6
\thm@style=\toks25
\thm@bodyfont=\toks26
\thm@headfont=\toks27
\thm@notefont=\toks28
\thm@headpunct=\toks29
\thm@preskip=\skip52
\thm@postskip=\skip53
\thm@headsep=\skip54
\dth@everypar=\toks30
)
("C:\Users\Christophe Marciot\AppData\Local\Programs\MiKTeX 2.9\tex/latex/jknap
pen\mathrsfs.sty"
Package: mathrsfs 1996/01/01 Math RSFS package v1.0 (jk)
\symrsfs=\mathgroup6
)
("C:\Users\Christophe Marciot\AppData\Local\Programs\MiKTeX 2.9\tex/latex/matht
ools\mathtools.sty"
Package: mathtools 2020/03/24 v1.24 mathematical typesetting tools

("C:\Users\Christophe Marciot\AppData\Local\Programs\MiKTeX 2.9\tex/latex/tools
\calc.sty"
Package: calc 2017/05/25 v4.3 Infix arithmetic (KKT,FJ)
\calc@Acount=\count267
\calc@Bcount=\count268
\calc@Adimen=\dimen161
\calc@Bdimen=\dimen162
\calc@Askip=\skip55
\calc@Bskip=\skip56
LaTeX Info: Redefining \setlength on input line 80.
LaTeX Info: Redefining \addtolength on input line 81.
\calc@Ccount=\count269
\calc@Cskip=\skip57
)
("C:\Users\Christophe Marciot\AppData\Local\Programs\MiKTeX 2.9\tex/latex/matht
ools\mhsetup.sty"
Package: mhsetup 2017/03/31 v1.3 programming setup (MH)
)
LaTeX Info: Thecontrolsequence`\('isalreadyrobust on input line 130.
LaTeX Info: Thecontrolsequence`\)'isalreadyrobust on input line 130.
LaTeX Info: Thecontrolsequence`\['isalreadyrobust on input line 130.
LaTeX Info: Thecontrolsequence`\]'isalreadyrobust on input line 130.
\g_MT_multlinerow_int=\count270
\l_MT_multwidth_dim=\dimen163
\origjot=\skip58
\l_MT_shortvdotswithinadjustabove_dim=\dimen164
\l_MT_shortvdotswithinadjustbelow_dim=\dimen165
\l_MT_above_intertext_sep=\dimen166
\l_MT_below_intertext_sep=\dimen167
\l_MT_above_shortintertext_sep=\dimen168
\l_MT_below_shortintertext_sep=\dimen169
\xmathstrut@box=\box47
\xmathstrut@dim=\dimen170
)
("C:\Users\Christophe Marciot\AppData\Local\Programs\MiKTeX 2.9\tex/latex/enumi
tem\enumitem.sty"
Package: enumitem 2019/06/20 v3.9 Customized lists
\labelindent=\skip59
\enit@outerparindent=\dimen171
\enit@toks=\toks31
\enit@inbox=\box48
\enit@count@id=\count271
\enitdp@description=\count272
)
("C:\Users\Christophe Marciot\AppData\Local\Programs\MiKTeX 2.9\tex/latex/graph
ics\graphicx.sty"
Package: graphicx 2019/11/30 v1.2a Enhanced LaTeX Graphics (DPC,SPQR)

("C:\Users\Christophe Marciot\AppData\Local\Programs\MiKTeX 2.9\tex/latex/graph
ics\graphics.sty"
Package: graphics 2019/11/30 v1.4a Standard LaTeX Graphics (DPC,SPQR)

("C:\Users\Christophe Marciot\AppData\Local\Programs\MiKTeX 2.9\tex/latex/graph
ics\trig.sty"
Package: trig 2016/01/03 v1.10 sin cos tan (DPC)
)
("C:\Users\Christophe Marciot\AppData\Local\Programs\MiKTeX 2.9\tex/latex/graph
ics-cfg\graphics.cfg"
File: graphics.cfg 2016/06/04 v1.11 sample graphics configuration
)
Package graphics Info: Driver file: pdftex.def on input line 105.

("C:\Users\Christophe Marciot\AppData\Local\Programs\MiKTeX 2.9\tex/latex/graph
ics-def\pdftex.def"
File: pdftex.def 2020/08/26 v1.2 Graphics/color driver for pdftex
))
\Gin@req@height=\dimen172
\Gin@req@width=\dimen173
)
("C:\Users\Christophe Marciot\AppData\Local\Programs\MiKTeX 2.9\tex/generic/xyp
ic\xy.sty"
("C:\Users\Christophe Marciot\AppData\Local\Programs\MiKTeX 2.9\tex/generic/xyp
ic\xy.tex" Bootstrap'ing: catcodes, docmode,
("C:\Users\Christophe Marciot\AppData\Local\Programs\MiKTeX 2.9\tex/generic/xyp
ic\xyrecat.tex")
("C:\Users\Christophe Marciot\AppData\Local\Programs\MiKTeX 2.9\tex/generic/xyp
ic\xyidioms.tex")

 Xy-pic version 3.8.9 <2013/10/06>
 Copyright (c) 1991-2013 by Kristoffer H. Rose <krisrose@tug.org> and others
 Xy-pic is free software: see the User's Guide for details.

Loading kernel: messages; fonts; allocations: state,
\X@c=\dimen174
\Y@c=\dimen175
\U@c=\dimen176
\D@c=\dimen177
\L@c=\dimen178
\R@c=\dimen179
\Edge@c=\toks32
\X@p=\dimen180
\Y@p=\dimen181
\U@p=\dimen182
\D@p=\dimen183
\L@p=\dimen184
\R@p=\dimen185
\Edge@p=\toks33
\X@origin=\dimen186
\Y@origin=\dimen187
\X@xbase=\dimen188
\Y@xbase=\dimen189
\X@ybase=\dimen190
\Y@ybase=\dimen191
\X@min=\dimen192
\Y@min=\dimen193
\X@max=\dimen194
\Y@max=\dimen195
\lastobjectbox@=\box49
\zerodotbox@=\box50
\almostz@=\dimen196
 direction,
\d@X=\dimen197
\d@Y=\dimen198
\K@=\count273
\KK@=\count274
\Direction=\count275
\K@dXdY=\dimen199
\K@dYdX=\dimen256
\xyread@=\read3
\xywrite@=\write3
\csp@=\count276
\quotPTK@=\dimen257

utility macros; pictures: \xy, positions,
\swaptoks@@=\toks34
\connectobjectbox@@=\box51
 objects,
\styletoks@=\toks35
 decorations;
kernel objects: directionals, circles, text; options; algorithms: directions,
edges, connections;  Xy-pic loaded)
("C:\Users\Christophe Marciot\AppData\Local\Programs\MiKTeX 2.9\tex/generic/ift
ex\ifpdf.sty"
Package: ifpdf 2019/10/25 v3.4 ifpdf legacy package. Use iftex instead.
)
Package: xy 2013/10/06 Xy-pic version 3.8.9

("C:\Users\Christophe Marciot\AppData\Local\Programs\MiKTeX 2.9\tex/generic/xyp
ic\xyall.tex"  Xy-pic option: All features v.3.8
("C:\Users\Christophe Marciot\AppData\Local\Programs\MiKTeX 2.9\tex/generic/xyp
ic\xycurve.tex"  Xy-pic option: Curve and Spline extension v.3.12 curve,
\crv@cnt@=\count277
\crvpts@=\toks36
\splinebox@=\box52
\splineval@=\dimen258
\splinedepth@=\dimen259
\splinetol@=\dimen260
\splinelength@=\dimen261

circles,
\L@=\dimen262
 loaded)
("C:\Users\Christophe Marciot\AppData\Local\Programs\MiKTeX 2.9\tex/generic/xyp
ic\xyframe.tex"  Xy-pic option: Frame and Bracket extension v.3.14 loaded)
("C:\Users\Christophe Marciot\AppData\Local\Programs\MiKTeX 2.9\tex/generic/xyp
ic\xycmtip.tex"  Xy-pic option: Computer Modern tip extension v.3.7
("C:\Users\Christophe Marciot\AppData\Local\Programs\MiKTeX 2.9\tex/generic/xyp
ic\xytips.tex"  Xy-pic option: More Tips extension v.3.11 loaded) loaded)
("C:\Users\Christophe Marciot\AppData\Local\Programs\MiKTeX 2.9\tex/generic/xyp
ic\xyline.tex"  Xy-pic option: Line styles extension v.3.10
\xylinethick@=\dimen263
 loaded)
("C:\Users\Christophe Marciot\AppData\Local\Programs\MiKTeX 2.9\tex/generic/xyp
ic\xyrotate.tex"  Xy-pic option: Rotate and Scale extension v.3.8 loaded)
("C:\Users\Christophe Marciot\AppData\Local\Programs\MiKTeX 2.9\tex/generic/xyp
ic\xycolor.tex"  Xy-pic option: Colour extension v.3.11 loaded)
("C:\Users\Christophe Marciot\AppData\Local\Programs\MiKTeX 2.9\tex/generic/xyp
ic\xymatrix.tex"  Xy-pic option: Matrix feature v.3.14
\Row=\count278
\Col=\count279
\queue@=\toks37
\queue@@=\toks38
\qcount@=\count280
\qcount@@=\count281
\matrixsize@=\count282
 loaded)
("C:\Users\Christophe Marciot\AppData\Local\Programs\MiKTeX 2.9\tex/generic/xyp
ic\xyarrow.tex"  Xy-pic option: Arrow and Path feature v.3.9 path, \ar, loaded)

("C:\Users\Christophe Marciot\AppData\Local\Programs\MiKTeX 2.9\tex/generic/xyp
ic\xygraph.tex"  Xy-pic option: Graph feature v.3.11 loaded) loaded)
("C:\Users\Christophe Marciot\AppData\Local\Programs\MiKTeX 2.9\tex/generic/xyp
ic\xypdf.tex"  Xy-pic option: PDF driver v.1.7
Xy-pic pdf driver: `color' extension support
("C:\Users\Christophe Marciot\AppData\Local\Programs\MiKTeX 2.9\tex/generic/xyp
ic\xypdf-co.tex" loaded) Xy-pic pdf driver: `curve' extension support
("C:\Users\Christophe Marciot\AppData\Local\Programs\MiKTeX 2.9\tex/generic/xyp
ic\xypdf-cu.tex" loaded) Xy-pic pdf driver: `frame' extension support
("C:\Users\Christophe Marciot\AppData\Local\Programs\MiKTeX 2.9\tex/generic/xyp
ic\xypdf-fr.tex" loaded) Xy-pic pdf driver: `line' extension support
("C:\Users\Christophe Marciot\AppData\Local\Programs\MiKTeX 2.9\tex/generic/xyp
ic\xypdf-li.tex" loaded) Xy-pic pdf driver: `rotate' extension support
("C:\Users\Christophe Marciot\AppData\Local\Programs\MiKTeX 2.9\tex/generic/xyp
ic\xypdf-ro.tex" loaded) loaded)) (macrosMath.tex
\c@thm=\count283
\c@thmi=\count284
\c@conji=\count285
\c@claimi=\count286
)
("C:\Users\Christophe Marciot\AppData\Local\Programs\MiKTeX 2.9\tex/latex/l3bac
kend\l3backend-pdftex.def"
File: l3backend-pdftex.def 2020-09-01 L3 backend support: PDF output (pdfTeX)
\l__kernel_color_stack_int=\count287
\l__pdf_internal_box=\box53
) (hand_2.aux)
\openout1 = `hand_2.aux'.

LaTeX Font Info:    Checking defaults for OML/cmm/m/it on input line 27.
LaTeX Font Info:    ... okay on input line 27.
LaTeX Font Info:    Checking defaults for OMS/cmsy/m/n on input line 27.
LaTeX Font Info:    ... okay on input line 27.
LaTeX Font Info:    Checking defaults for OT1/cmr/m/n on input line 27.
LaTeX Font Info:    ... okay on input line 27.
LaTeX Font Info:    Checking defaults for T1/cmr/m/n on input line 27.
LaTeX Font Info:    ... okay on input line 27.
LaTeX Font Info:    Checking defaults for TS1/cmr/m/n on input line 27.
LaTeX Font Info:    ... okay on input line 27.
LaTeX Font Info:    Checking defaults for OMX/cmex/m/n on input line 27.
LaTeX Font Info:    ... okay on input line 27.
LaTeX Font Info:    Checking defaults for U/cmr/m/n on input line 27.
LaTeX Font Info:    ... okay on input line 27.
LaTeX Font Info:    Trying to load font information for T1+lmr on input line 27
.

("C:\Users\Christophe Marciot\AppData\Local\Programs\MiKTeX 2.9\tex/latex/lm\t1
lmr.fd"
File: t1lmr.fd 2009/10/30 v1.6 Font defs for Latin Modern
)
LaTeX Info: Redefining \degres on input line 27.
LaTeX Info: Redefining \dots on input line 27.
Package french.ldf Info: Setting StandardItemizeEnv=true for
(french.ldf)             compatibility with enumitem package,
(french.ldf)             reported on input line 27.
Package french.ldf Info: Setting StandardEnumerateEnv=true for
(french.ldf)             compatibility with enumitem package,
(french.ldf)             reported on input line 27.
LaTeX Info: Redefining \up on input line 27.

*geometry* driver: auto-detecting
*geometry* detected driver: pdftex
*geometry* verbose mode - [ preamble ] result:
* driver: pdftex
* paper: a4paper
* layout: <same size as paper>
* layoutoffset:(h,v)=(0.0pt,0.0pt)
* modes: twoside 
* h-part:(L,W,R)=(57.81621pt, 481.87546pt, 57.81621pt)
* v-part:(T,H,B)=(57.81621pt, 729.41443pt, 57.81621pt)
* \paperwidth=597.50787pt
* \paperheight=845.04684pt
* \textwidth=481.87546pt
* \textheight=729.41443pt
* \oddsidemargin=-14.45378pt
* \evensidemargin=-14.45378pt
* \topmargin=-51.45378pt
* \headheight=12.0pt
* \headsep=25.0pt
* \topskip=11.0pt
* \footskip=30.0pt
* \marginparwidth=103.0pt
* \marginparsep=10.0pt
* \columnsep=10.0pt
* \skip\footins=10.0pt plus 4.0pt minus 2.0pt
* \hoffset=0.0pt
* \voffset=0.0pt
* \mag=1000
* \@twocolumnfalse
* \@twosidetrue
* \@mparswitchtrue
* \@reversemarginfalse
* (1in=72.27pt=25.4mm, 1cm=28.453pt)


("C:\Users\Christophe Marciot\AppData\Local\Programs\MiKTeX 2.9\tex/context/bas
e/mkii\supp-pdf.mkii"
[Loading MPS to PDF converter (version 2006.09.02).]
\scratchcounter=\count288
\scratchdimen=\dimen264
\scratchbox=\box54
\nofMPsegments=\count289
\nofMParguments=\count290
\everyMPshowfont=\toks39
\MPscratchCnt=\count291
\MPscratchDim=\dimen265
\MPnumerator=\count292
\makeMPintoPDFobject=\count293
\everyMPtoPDFconversion=\toks40
)
("C:\Users\Christophe Marciot\AppData\Local\Programs\MiKTeX 2.9\tex/latex/epsto
pdf-pkg\epstopdf-base.sty"
Package: epstopdf-base 2020-01-24 v2.11 Base part for package epstopdf

("C:\Users\Christophe Marciot\AppData\Local\Programs\MiKTeX 2.9\tex/generic/inf
warerr\infwarerr.sty"
Package: infwarerr 2019/12/03 v1.5 Providing info/warning/error messages (HO)
)
("C:\Users\Christophe Marciot\AppData\Local\Programs\MiKTeX 2.9\tex/latex/grfex
t\grfext.sty"
Package: grfext 2019/12/03 v1.3 Manage graphics extensions (HO)

("C:\Users\Christophe Marciot\AppData\Local\Programs\MiKTeX 2.9\tex/generic/kvd
efinekeys\kvdefinekeys.sty"
Package: kvdefinekeys 2019-12-19 v1.6 Define keys (HO)
))
("C:\Users\Christophe Marciot\AppData\Local\Programs\MiKTeX 2.9\tex/latex/kvopt
ions\kvoptions.sty"
Package: kvoptions 2019/11/29 v3.13 Key value format for package options (HO)

("C:\Users\Christophe Marciot\AppData\Local\Programs\MiKTeX 2.9\tex/generic/ltx
cmds\ltxcmds.sty"
Package: ltxcmds 2019/12/15 v1.24 LaTeX kernel commands for general use (HO)
)
("C:\Users\Christophe Marciot\AppData\Local\Programs\MiKTeX 2.9\tex/generic/kvs
etkeys\kvsetkeys.sty"
Package: kvsetkeys 2019/12/15 v1.18 Key value parser (HO)
))
("C:\Users\Christophe Marciot\AppData\Local\Programs\MiKTeX 2.9\tex/generic/pdf
texcmds\pdftexcmds.sty"
Package: pdftexcmds 2020-06-27 v0.33 Utility functions of pdfTeX for LuaTeX (HO
)
Package pdftexcmds Info: \pdf@primitive is available.
Package pdftexcmds Info: \pdf@ifprimitive is available.
Package pdftexcmds Info: \pdfdraftmode found.
)
Package epstopdf-base Info: Redefining graphics rule for `.eps' on input line 4
85.
Package grfext Info: Graphics extension search list:
(grfext)             [.pdf,.png,.jpg,.mps,.jpeg,.jbig2,.jb2,.PDF,.PNG,.JPG,.JPE
G,.JBIG2,.JB2,.eps]
(grfext)             \AppendGraphicsExtensions on input line 504.
)
LaTeX Font Info:    Trying to load font information for OT1+lmr on input line 2
7.

("C:\Users\Christophe Marciot\AppData\Local\Programs\MiKTeX 2.9\tex/latex/lm\ot
1lmr.fd"
File: ot1lmr.fd 2009/10/30 v1.6 Font defs for Latin Modern
)
LaTeX Font Info:    Trying to load font information for OML+lmm on input line 2
7.

("C:\Users\Christophe Marciot\AppData\Local\Programs\MiKTeX 2.9\tex/latex/lm\om
llmm.fd"
File: omllmm.fd 2009/10/30 v1.6 Font defs for Latin Modern
)
LaTeX Font Info:    Trying to load font information for OMS+lmsy on input line 
27.

("C:\Users\Christophe Marciot\AppData\Local\Programs\MiKTeX 2.9\tex/latex/lm\om
slmsy.fd"
File: omslmsy.fd 2009/10/30 v1.6 Font defs for Latin Modern
)
LaTeX Font Info:    Trying to load font information for OMX+lmex on input line 
27.

("C:\Users\Christophe Marciot\AppData\Local\Programs\MiKTeX 2.9\tex/latex/lm\om
xlmex.fd"
File: omxlmex.fd 2009/10/30 v1.6 Font defs for Latin Modern
)
LaTeX Font Info:    External font `lmex10' loaded for size
(Font)              <10.95> on input line 27.
LaTeX Font Info:    External font `lmex10' loaded for size
(Font)              <8> on input line 27.
LaTeX Font Info:    External font `lmex10' loaded for size
(Font)              <6> on input line 27.
LaTeX Font Info:    Trying to load font information for U+msa on input line 27.


("C:\Users\Christophe Marciot\AppData\Local\Programs\MiKTeX 2.9\tex/latex/amsfo
nts\umsa.fd"
File: umsa.fd 2013/01/14 v3.01 AMS symbols A
)
LaTeX Font Info:    Trying to load font information for U+msb on input line 27.


("C:\Users\Christophe Marciot\AppData\Local\Programs\MiKTeX 2.9\tex/latex/amsfo
nts\umsb.fd"
File: umsb.fd 2013/01/14 v3.01 AMS symbols B
)
LaTeX Font Info:    Trying to load font information for U+rsfs on input line 27
.

("C:\Users\Christophe Marciot\AppData\Local\Programs\MiKTeX 2.9\tex/latex/jknap
pen\ursfs.fd"
File: ursfs.fd 1998/03/24 rsfs font definition file (jk)
)
Package xypdf Info: Line width: 0.39998pt on input line 27.
LaTeX Font Info:    External font `lmex10' loaded for size
(Font)              <12> on input line 30.
 <xymatrix 2x1 51> <xymatrix 3x2 145> <xymatrix 3x2 145>
<xymatrix 3x2 145> [1

{C:/Users/Christophe Marciot/AppData/Local/MiKTeX/2.9/pdftex/config/pdftex.map}
] <xymatrix 3x2 145> <xymatrix 3x2 145> <xymatrix 3x2
145> <xymatrix 3x2 190> [2] [3] (hand_2.aux) ) 
Here is how much of TeX's memory you used:
 8873 strings out of 481165
 127235 string characters out of 2895810
 444401 words of memory out of 3000000
 24296 multiletter control sequences out of 15000+200000
 572537 words of font info for 71 fonts, out of 3000000 for 9000
 1141 hyphenation exceptions out of 8191
 40i,14n,37p,3219b,426s stack positions out of 5000i,500n,10000p,200000b,50000s
{C:/Users/Christophe Marciot/AppD
ata/Local/Programs/MiKTeX 2.9/fonts/enc/dvips/lm/lm-mathit.enc}{C:/Users/Christ
ophe Marciot/AppData/Local/Programs/MiKTeX 2.9/fonts/enc/dvips/lm/lm-rm.enc}{C:
/Users/Christophe Marciot/AppData/Local/Programs/MiKTeX 2.9/fonts/enc/dvips/lm/
lm-mathsy.enc}{C:/Users/Christophe Marciot/AppData/Local/Programs/MiKTeX 2.9/fo
nts/enc/dvips/lm/lm-ec.enc}<C:/Users/Christophe Marciot/AppData/Local/Programs/
MiKTeX 2.9/fonts/type1/public/lm/lmbx12.pfb><C:/Users/Christophe Marciot/AppDat
a/Local/Programs/MiKTeX 2.9/fonts/type1/public/lm/lmmi10.pfb><C:/Users/Christop
he Marciot/AppData/Local/Programs/MiKTeX 2.9/fonts/type1/public/lm/lmmi6.pfb><C
:/Users/Christophe Marciot/AppData/Local/Programs/MiKTeX 2.9/fonts/type1/public
/lm/lmmi8.pfb><C:/Users/Christophe Marciot/AppData/Local/Programs/MiKTeX 2.9/fo
nts/type1/public/lm/lmr10.pfb><C:/Users/Christophe Marciot/AppData/Local/Progra
ms/MiKTeX 2.9/fonts/type1/public/lm/lmr12.pfb><C:/Users/Christophe Marciot/AppD
ata/Local/Programs/MiKTeX 2.9/fonts/type1/public/lm/lmr17.pfb><C:/Users/Christo
phe Marciot/AppData/Local/Programs/MiKTeX 2.9/fonts/type1/public/lm/lmr6.pfb><C
:/Users/Christophe Marciot/AppData/Local/Programs/MiKTeX 2.9/fonts/type1/public
/lm/lmr8.pfb><C:/Users/Christophe Marciot/AppData/Local/Programs/MiKTeX 2.9/fon
ts/type1/public/lm/lmsy10.pfb><C:/Users/Christophe Marciot/AppData/Local/Progra
ms/MiKTeX 2.9/fonts/type1/public/lm/lmsy6.pfb><C:/Users/Christophe Marciot/AppD
ata/Local/Programs/MiKTeX 2.9/fonts/type1/public/lm/lmsy8.pfb><C:/Users/Christo
phe Marciot/AppData/Local/Programs/MiKTeX 2.9/fonts/type1/public/rsfs/rsfs10.pf
b><C:/Users/Christophe Marciot/AppData/Local/Programs/MiKTeX 2.9/fonts/type1/pu
blic/xypic/xyatip10.pfb><C:/Users/Christophe Marciot/AppData/Local/Programs/MiK
TeX 2.9/fonts/type1/public/xypic/xybtip10.pfb>
Output written on hand_2.pdf (3 pages, 176273 bytes).
PDF statistics:
 78 PDF objects out of 1000 (max. 8388607)
 0 named destinations out of 1000 (max. 500000)
 1 words of extra memory for PDF output out of 10000 (max. 10000000)

